<?xml version="1.0" encoding="UTF-8" ?>
<testsuite tests="0" failures="0" name="com.chunfeng.dao.UserTest" time="0" errors="0" skipped="0">
  <properties>
    <property name="idea.version" value="2021.1.2"/>
    <property name="java.runtime.name" value="Java(TM) SE Runtime Environment"/>
    <property name="sun.boot.library.path" value="D:\Software\Runtime\jdk1.8\jre\bin"/>
    <property name="java.vm.version" value="25.301-b09"/>
    <property name="java.vm.vendor" value="Oracle Corporation"/>
    <property name="maven.multiModuleProjectDirectory" value="D:\Item\项目进程\学生管理系统(基于Springboot+Vue架构)\BehindPort"/>
    <property name="java.vendor.url" value="http://java.oracle.com/"/>
    <property name="path.separator" value=";"/>
    <property name="guice.disable.misplaced.annotation.check" value="true"/>
    <property name="java.vm.name" value="Java HotSpot(TM) 64-Bit Server VM"/>
    <property name="file.encoding.pkg" value="sun.io"/>
    <property name="user.script" value=""/>
    <property name="user.country" value="CN"/>
    <property name="sun.java.launcher" value="SUN_STANDARD"/>
    <property name="sun.os.patch.level" value=""/>
    <property name="java.vm.specification.name" value="Java Virtual Machine Specification"/>
    <property name="user.dir" value="D:\Item\项目进程\学生管理系统(基于Springboot+Vue架构)\BehindPort"/>
    <property name="java.runtime.version" value="1.8.0_301-b09"/>
    <property name="java.awt.graphicsenv" value="sun.awt.Win32GraphicsEnvironment"/>
    <property name="java.endorsed.dirs" value="D:\Software\Runtime\jdk1.8\jre\lib\endorsed"/>
    <property name="os.arch" value="amd64"/>
    <property name="java.io.tmpdir" value="D:\System\tmp-user\"/>
    <property name="line.separator" value="
"/>
    <property name="java.vm.specification.vendor" value="Oracle Corporation"/>
    <property name="user.variant" value=""/>
    <property name="os.name" value="Windows 10"/>
    <property name="maven.ext.class.path" value="D:\Software\Code\IntelliJ IDEA 2021.1.2\plugins\maven\lib\maven-event-listener.jar"/>
    <property name="classworlds.conf" value="D:\Software\Runtime\apache-maven-3.8.4\bin\m2.conf"/>
    <property name="sun.jnu.encoding" value="GBK"/>
    <property name="java.library.path" value="D:\Software\Runtime\jdk1.8\bin;C:\Windows\Sun\Java\bin;C:\Windows\system32;C:\Windows;C:\Program Files (x86)\Common Files\Oracle\Java\javapath;D:\Software\user\VMware\bin\;C:\Windows\system32;C:\Windows;C:\Windows\System32\Wbem;C:\Windows\System32\WindowsPowerShell\v1.0\;C:\Windows\System32\OpenSSH\;D:\Software\Runtime\jdk1.8\bin;C:\Program Files\dotnet\;C:\Program Files\Microsoft SQL Server\130\Tools\Binn\;D:\Software\Runtime\apache-maven-3.8.4\bin;D:\Software\Runtime\apache-tomcat-8.5.73\lib;D:\Software\Runtime\apache-tomcat-8.5.73\bin;D:\Software\Runtime\apache-tomcat-8.5.73\lib\servlet-api.jar;D:\Software\Runtime\MySQL\MySQL-system\bin;D:\Software\Runtime\Android-SDK\tools;D:\Software\Runtime\Android-SDK\platform-tools;D:\Software\Runtime\Android-SDK\build-tools\28.0.0;D:\Software\Runtime\gradle-7.3.3\bin;D:\Software\Runtime\mingw64\bin;D:\Software\Runtime\Vue\temp\Main;D:\Software\Runtime\Nodejs\;D:\Software\user\Git\cmd;D:\Software\Runtime\Python\Scripts\;D:\Software\Runtime\Python\;C:\Users\admin\AppData\Local\Microsoft\WindowsApps;D:\Software\Code\Microsoft VS Code\bin;D:\Software\Code\IntelliJ IDEA 2021.1.2\bin;;D:\Software\Runtime\Nodejs\node_global;;."/>
    <property name="maven.conf" value="D:\Software\Runtime\apache-maven-3.8.4/conf"/>
    <property name="java.specification.name" value="Java Platform API Specification"/>
    <property name="java.class.version" value="52.0"/>
    <property name="sun.management.compiler" value="HotSpot 64-Bit Tiered Compilers"/>
    <property name="maven.repo.local" value="D:\Software\Runtime\apache-maven-3.8.4\mvn_resp"/>
    <property name="os.version" value="10.0"/>
    <property name="user.home" value="C:\Users\admin"/>
    <property name="user.timezone" value="Asia/Shanghai"/>
    <property name="java.awt.printerjob" value="sun.awt.windows.WPrinterJob"/>
    <property name="java.specification.version" value="1.8"/>
    <property name="file.encoding" value="UTF-8"/>
    <property name="user.name" value="admin"/>
    <property name="java.class.path" value="D:\Software\Runtime\apache-maven-3.8.4\boot\plexus-classworlds-2.6.0.jar;D:\Software\Runtime\apache-maven-3.8.4\boot\plexus-classworlds.license;D:\Software\Code\IntelliJ IDEA 2021.1.2\lib\idea_rt.jar"/>
    <property name="java.vm.specification.version" value="1.8"/>
    <property name="sun.arch.data.model" value="64"/>
    <property name="java.home" value="D:\Software\Runtime\jdk1.8\jre"/>
    <property name="sun.java.command" value="org.codehaus.classworlds.Launcher -Didea.version=2021.1.2 -s D:\Software\Runtime\apache-maven-3.8.4\conf\settings.xml -Dmaven.repo.local=D:\Software\Runtime\apache-maven-3.8.4\mvn_resp package"/>
    <property name="java.specification.vendor" value="Oracle Corporation"/>
    <property name="user.language" value="zh"/>
    <property name="awt.toolkit" value="sun.awt.windows.WToolkit"/>
    <property name="java.vm.info" value="mixed mode"/>
    <property name="java.version" value="1.8.0_301"/>
    <property name="java.ext.dirs" value="D:\Software\Runtime\jdk1.8\jre\lib\ext;C:\Windows\Sun\Java\lib\ext"/>
    <property name="sun.boot.class.path" value="D:\Software\Runtime\jdk1.8\jre\lib\resources.jar;D:\Software\Runtime\jdk1.8\jre\lib\rt.jar;D:\Software\Runtime\jdk1.8\jre\lib\sunrsasign.jar;D:\Software\Runtime\jdk1.8\jre\lib\jsse.jar;D:\Software\Runtime\jdk1.8\jre\lib\jce.jar;D:\Software\Runtime\jdk1.8\jre\lib\charsets.jar;D:\Software\Runtime\jdk1.8\jre\lib\jfr.jar;D:\Software\Runtime\jdk1.8\jre\classes"/>
    <property name="java.vendor" value="Oracle Corporation"/>
    <property name="maven.home" value="D:\Software\Runtime\apache-maven-3.8.4"/>
    <property name="file.separator" value="\"/>
    <property name="java.vendor.url.bug" value="http://bugreport.sun.com/bugreport/"/>
    <property name="sun.cpu.endian" value="little"/>
    <property name="sun.io.unicode.encoding" value="UnicodeLittle"/>
    <property name="sun.desktop" value="windows"/>
    <property name="sun.cpu.isalist" value="amd64"/>
  </properties>
</testsuite>